2025-04-21 14:32:30,617 [INFO] Попытка регистрации test_user
2025-04-21 14:32:30,617 [INFO] Успешная регистрация test_user
2025-04-21 14:32:30,618 [INFO] Попытка входа test_user
2025-04-21 14:32:30,618 [INFO] Успешный вход test_user
2025-04-21 14:57:47,683 [INFO] Попытка регистрации test_user
2025-04-21 14:57:47,684 [INFO] Успешная регистрация test_user
2025-04-21 14:57:47,684 [INFO] Попытка входа test_user
2025-04-21 14:57:47,684 [INFO] Успешный вход test_user
2025-04-21 15:47:33,824 [INFO] Попытка регистрации test_user
2025-04-21 15:47:33,825 [INFO] Успешная регистрация test_user
2025-04-21 15:47:33,825 [INFO] Попытка входа test_user
2025-04-21 15:47:33,825 [INFO] Успешный вход test_user
2025-04-21 22:51:42,873 [INFO] Попытка регистрации test_user
2025-04-21 22:51:42,874 [INFO] Успешная регистрация test_user
2025-04-21 22:51:42,874 [INFO] Попытка входа test_user
2025-04-21 22:51:42,874 [INFO] Успешный вход test_user
2025-04-21 22:53:12,502 [INFO] Зарегистрирован новый пользователь: demo
2025-05-02 03:52:23,218 [INFO] Зарегистрирован новый пользователь: мама
2025-05-02 04:02:52,396 [INFO] Зарегистрирован новый пользователь: ben
2025-05-02 04:13:43,639 [INFO] Зарегистрирован новый пользователь: bob
2025-05-02 05:25:24,005 [ERROR] Error loading user bob: string indices must be integers, not 'str'
2025-05-02 05:25:41,575 [INFO] Registered user папа
2025-05-02 05:33:56,003 [ERROR] Error loading user папа: 'name'
